<?xml version="1.0" encoding="UTF-8"?>
<!-- Generated by org.testng.reporters.JUnitReportReporter -->
<testsuite skipped="0" hostname="SushmaReddy-PC" name="webdriver.Login" tests="1" failures="0" timestamp="2019-09-24T15:59:29 IST" time="39.287" errors="0">
  <testcase name="m" time="39.287" classname="webdriver.Login"/>
</testsuite> <!-- webdriver.Login -->
